[    0.000000] Initializing cgroup subsys cpuset
[    0.000000] Initializing cgroup subsys cpu
[    0.000000] Initializing cgroup subsys cpuacct
[    0.000000] Linux version 4.4.0-83-generic (buildd@lgw01-29) (gcc version 5.4.0 20160609 (Ubuntu 5.4.0-6ubuntu1~16.04.4) ) #106-Ubuntu SMP Mon Jun 26 17:54:43 UTC 2017 (Ubuntu 4.4.0-83.106-generic 4.4.70)
[    0.000000] Command line: BOOT_IMAGE=/boot/vmlinuz-4.4.0-83-generic root=UUID=8c3042eb-5074-424d-959f-fed60087991f ro console=tty1 console=ttyS0
[    0.000000] KERNEL supported cpus:
[    0.000000]   Intel GenuineIntel
[    0.000000]   AMD AuthenticAMD
[    0.000000]   Centaur CentaurHauls
[    0.000000] x86/fpu: xstate_offset[2]:  576, xstate_sizes[2]:  256
[    0.000000] x86/fpu: Supporting XSAVE feature 0x01: 'x87 floating point registers'
[    0.000000] x86/fpu: Supporting XSAVE feature 0x02: 'SSE registers'
[    0.000000] x86/fpu: Supporting XSAVE feature 0x04: 'AVX registers'
[    0.000000] x86/fpu: Enabled xstate features 0x7, context size is 832 bytes, using 'standard' format.
[    0.000000] x86/fpu: Using 'lazy' FPU context switches.
[    0.000000] e820: BIOS-provided physical RAM map:
[    0.000000] BIOS-e820: [mem 0x0000000000000000-0x000000000009fbff] usable
[    0.000000] BIOS-e820: [mem 0x000000000009fc00-0x000000000009ffff] reserved
[    0.000000] BIOS-e820: [mem 0x00000000000f0000-0x00000000000fffff] reserved
[    0.000000] BIOS-e820: [mem 0x0000000000100000-0x000000003ffeffff] usable
[    0.000000] BIOS-e820: [mem 0x000000003fff0000-0x000000003fffffff] ACPI data
[    0.000000] BIOS-e820: [mem 0x00000000fffc0000-0x00000000ffffffff] reserved
[    0.000000] NX (Execute Disable) protection: active
[    0.000000] SMBIOS 2.5 present.
[    0.000000] Hypervisor detected: KVM
[    0.000000] e820: last_pfn = 0x3fff0 max_arch_pfn = 0x400000000
[    0.000000] MTRR: Disabled
[    0.000000] x86/PAT: MTRRs disabled, skipping PAT initialization too.
[    0.000000] x86/PAT: Configuration [0-7]: WB  WT  UC- UC  WB  WT  UC- UC  
[    0.000000] CPU MTRRs all blank - virtualized system.
[    0.000000] found SMP MP-table at [mem 0x0009fff0-0x0009ffff] mapped at [ffff88000009fff0]
[    0.000000] Scanning 1 areas for low memory corruption
[    0.000000] RAMDISK: [mem 0x36236000-0x37112fff]
[    0.000000] ACPI: Early table checksum verification disabled
[    0.000000] ACPI: RSDP 0x00000000000E0000 000024 (v02 VBOX  )
[    0.000000] ACPI: XSDT 0x000000003FFF0030 00003C (v01 VBOX   VBOXXSDT 00000001 ASL  00000061)
[    0.000000] ACPI: FACP 0x000000003FFF00F0 0000F4 (v04 VBOX   VBOXFACP 00000001 ASL  00000061)
[    0.000000] ACPI: DSDT 0x000000003FFF0470 002118 (v01 VBOX   VBOXBIOS 00000002 INTL 20160108)
[    0.000000] ACPI: FACS 0x000000003FFF0200 000040
[    0.000000] ACPI: FACS 0x000000003FFF0200 000040
[    0.000000] ACPI: APIC 0x000000003FFF0240 00005C (v02 VBOX   VBOXAPIC 00000001 ASL  00000061)
[    0.000000] ACPI: SSDT 0x000000003FFF02A0 0001CC (v01 VBOX   VBOXCPUT 00000002 INTL 20160108)
[    0.000000] No NUMA configuration found
[    0.000000] Faking a node at [mem 0x0000000000000000-0x000000003ffeffff]
[    0.000000] NODE_DATA(0) allocated [mem 0x3ffeb000-0x3ffeffff]
[    0.000000] kvm-clock: Using msrs 4b564d01 and 4b564d00
[    0.000000] kvm-clock: cpu 0, msr 0:3ffe3001, primary cpu clock
[    0.000000] kvm-clock: using sched offset of 4243455364 cycles
[    0.000000] clocksource: kvm-clock: mask: 0xffffffffffffffff max_cycles: 0x1cd42e4dffb, max_idle_ns: 881590591483 ns
[    0.000000] Zone ranges:
[    0.000000]   DMA      [mem 0x0000000000001000-0x0000000000ffffff]
[    0.000000]   DMA32    [mem 0x0000000001000000-0x000000003ffeffff]
[    0.000000]   Normal   empty
[    0.000000]   Device   empty
[    0.000000] Movable zone start for each node
[    0.000000] Early memory node ranges
[    0.000000]   node   0: [mem 0x0000000000001000-0x000000000009efff]
[    0.000000]   node   0: [mem 0x0000000000100000-0x000000003ffeffff]
[    0.000000] Initmem setup node 0 [mem 0x0000000000001000-0x000000003ffeffff]
[    0.000000] ACPI: PM-Timer IO Port: 0x4008
[    0.000000] IOAPIC[0]: apic_id 2, version 17, address 0xfec00000, GSI 0-23
[    0.000000] ACPI: INT_SRC_OVR (bus 0 bus_irq 0 global_irq 2 dfl dfl)
[    0.000000] ACPI: INT_SRC_OVR (bus 0 bus_irq 9 global_irq 9 high level)
[    0.000000] Using ACPI (MADT) for SMP configuration information
[    0.000000] smpboot: Allowing 2 CPUs, 0 hotplug CPUs
[    0.000000] PM: Registered nosave memory: [mem 0x00000000-0x00000fff]
[    0.000000] PM: Registered nosave memory: [mem 0x0009f000-0x0009ffff]
[    0.000000] PM: Registered nosave memory: [mem 0x000a0000-0x000effff]
[    0.000000] PM: Registered nosave memory: [mem 0x000f0000-0x000fffff]
[    0.000000] e820: [mem 0x40000000-0xfffbffff] available for PCI devices
[    0.000000] Booting paravirtualized kernel on KVM
[    0.000000] clocksource: refined-jiffies: mask: 0xffffffff max_cycles: 0xffffffff, max_idle_ns: 7645519600211568 ns
[    0.000000] setup_percpu: NR_CPUS:512 nr_cpumask_bits:512 nr_cpu_ids:2 nr_node_ids:1
[    0.000000] PERCPU: Embedded 33 pages/cpu @ffff88003fc00000 s98264 r8192 d28712 u1048576
[    0.000000] PV qspinlock hash table entries: 256 (order: 0, 4096 bytes)
[    0.000000] Built 1 zonelists in Node order, mobility grouping on.  Total pages: 257913
[    0.000000] Policy zone: DMA32
[    0.000000] Kernel command line: BOOT_IMAGE=/boot/vmlinuz-4.4.0-83-generic root=UUID=8c3042eb-5074-424d-959f-fed60087991f ro console=tty1 console=ttyS0
[    0.000000] PID hash table entries: 4096 (order: 3, 32768 bytes)
[    0.000000] Memory: 997356K/1048120K available (8469K kernel code, 1294K rwdata, 3984K rodata, 1488K init, 1316K bss, 50764K reserved, 0K cma-reserved)
[    0.000000] SLUB: HWalign=64, Order=0-3, MinObjects=0, CPUs=2, Nodes=1
[    0.000000] Hierarchical RCU implementation.
[    0.000000] 	Build-time adjustment of leaf fanout to 64.
[    0.000000] 	RCU restricting CPUs from NR_CPUS=512 to nr_cpu_ids=2.
[    0.000000] RCU: Adjusting geometry for rcu_fanout_leaf=64, nr_cpu_ids=2
[    0.000000] NR_IRQS:33024 nr_irqs:440 16
[    0.000000] Console: colour VGA+ 80x25
[    0.000000] console [tty1] enabled
[    0.000000] console [ttyS0] enabled
[    0.000000] tsc: Detected 1696.072 MHz processor
[    0.408960] Calibrating delay loop (skipped) preset value.. 3392.14 BogoMIPS (lpj=6784288)
[    0.411803] pid_max: default: 32768 minimum: 301
[    0.413324] ACPI: Core revision 20150930
[    0.416356] ACPI: 2 ACPI AML tables successfully acquired and loaded
[    0.421487] Security Framework initialized
[    0.455753] Yama: becoming mindful.
[    0.485270] AppArmor: AppArmor initialized
[    0.498616] Dentry cache hash table entries: 131072 (order: 8, 1048576 bytes)
[    0.502237] Inode-cache hash table entries: 65536 (order: 7, 524288 bytes)
[    0.510580] Mount-cache hash table entries: 2048 (order: 2, 16384 bytes)
[    0.533486] Mountpoint-cache hash table entries: 2048 (order: 2, 16384 bytes)
[    0.577233] Initializing cgroup subsys io
[    0.622580] Initializing cgroup subsys memory
[    0.662666] Initializing cgroup subsys devices
[    0.693171] Initializing cgroup subsys freezer
[    0.719353] Initializing cgroup subsys net_cls
[    0.795682] Initializing cgroup subsys perf_event
[    0.813350] Initializing cgroup subsys net_prio
[    0.872890] Initializing cgroup subsys hugetlb
[    0.875972] Initializing cgroup subsys pids
[    0.880284] CPU: Physical Processor ID: 0
[    0.913545] CPU: Processor Core ID: 0
[    0.924289] mce: CPU supports 0 MCE banks
[    0.942946] Last level iTLB entries: 4KB 1024, 2MB 1024, 4MB 1024
[    0.950881] Last level dTLB entries: 4KB 1024, 2MB 1024, 4MB 1024, 1GB 4
[    0.962882] Freeing SMP alternatives memory: 32K (ffffffff820b9000 - ffffffff820c1000)
[    1.009505] ftrace: allocating 32129 entries in 126 pages
[    1.108787] smpboot: APIC(0) Converting physical 0 to logical package 0
[    1.156232] smpboot: Max logical packages: 1
[    1.221899] ..TIMER: vector=0x30 apic1=0 pin1=2 apic2=-1 pin2=-1
[    1.455470] smpboot: CPU0: Intel(R) Core(TM) i3-4005U CPU @ 1.70GHz (family: 0x6, model: 0x45, stepping: 0x1)
[    1.548354] Performance Events: unsupported p6 CPU model 69 no PMU driver, software events only.
[    1.555203] KVM setup paravirtual spinlock
[    1.562841] x86: Booting SMP configuration:
[    1.599222] .... node  #0, CPUs:      #1
[    1.655558] kvm-clock: cpu 1, msr 0:3ffe3041, secondary cpu clock
[    1.679093] mce: CPU supports 0 MCE banks
[    1.697312] x86: Booted up 1 node, 2 CPUs
[    1.710942] smpboot: Total of 2 processors activated (6784.28 BogoMIPS)
[    1.729528] devtmpfs: initialized
[    1.737769] evm: security.selinux
[    1.752500] evm: security.SMACK64
[    1.754834] evm: security.SMACK64EXEC
[    1.756187] evm: security.SMACK64TRANSMUTE
[    1.762862] evm: security.SMACK64MMAP
[    1.764200] evm: security.ima
[    1.765328] evm: security.capability
[    1.767153] clocksource: jiffies: mask: 0xffffffff max_cycles: 0xffffffff, max_idle_ns: 7645041785100000 ns
[    1.772571] futex hash table entries: 512 (order: 3, 32768 bytes)
[    1.775810] pinctrl core: initialized pinctrl subsystem
[    1.800854] RTC time: 12:04:41, date: 07/07/17
[    1.803536] NET: Registered protocol family 16
[    1.827633] cpuidle: using governor ladder
[    1.843857] cpuidle: using governor menu
[    1.850676] PCCT header not found.
[    1.856758] ACPI: bus type PCI registered
[    1.859266] acpiphp: ACPI Hot Plug PCI Controller Driver version: 0.5
[    1.866744] PCI: Using configuration type 1 for base access
[    1.884880] ACPI: Added _OSI(Module Device)
[    1.938707] ACPI: Added _OSI(Processor Device)
[    1.945662] ACPI: Added _OSI(3.0 _SCP Extensions)
[    1.956544] ACPI: Added _OSI(Processor Aggregator Device)
[    1.970377] ACPI: Executed 1 blocks of module-level executable AML code
[    1.985066] ACPI: Interpreter enabled
[    1.996968] ACPI: (supports S0 S5)
[    2.004676] ACPI: Using IOAPIC for interrupt routing
[    2.006663] PCI: Using host bridge windows from ACPI; if necessary, use "pci=nocrs" and report a bug
[    2.016594] ACPI: PCI Root Bridge [PCI0] (domain 0000 [bus 00-ff])
[    2.037234] acpi PNP0A03:00: _OSC: OS supports [ASPM ClockPM Segments MSI]
[    2.041550] acpi PNP0A03:00: _OSC failed (AE_NOT_FOUND); disabling ASPM
[    2.045241] acpi PNP0A03:00: fail to add MMCONFIG information, can't access extended PCI configuration space under this bridge.
[    2.049195] PCI host bridge to bus 0000:00
[    2.052758] pci_bus 0000:00: root bus resource [io  0x0000-0x0cf7 window]
[    2.054811] pci_bus 0000:00: root bus resource [io  0x0d00-0xffff window]
[    2.056871] pci_bus 0000:00: root bus resource [mem 0x000a0000-0x000bffff window]
[    2.070754] pci_bus 0000:00: root bus resource [mem 0x40000000-0xffdfffff window]
[    2.078343] pci_bus 0000:00: root bus resource [bus 00-ff]
[    2.083417] pci 0000:00:01.1: legacy IDE quirk: reg 0x10: [io  0x01f0-0x01f7]
[    2.087886] pci 0000:00:01.1: legacy IDE quirk: reg 0x14: [io  0x03f6]
[    2.092707] pci 0000:00:01.1: legacy IDE quirk: reg 0x18: [io  0x0170-0x0177]
[    2.094817] pci 0000:00:01.1: legacy IDE quirk: reg 0x1c: [io  0x0376]
[    2.138290] ACPI: PCI Interrupt Link [LNKA] (IRQs 5 9 10 11) *0, disabled.
[    2.156689] ACPI: PCI Interrupt Link [LNKB] (IRQs 5 9 10 *11)
[    2.185148] ACPI: PCI Interrupt Link [LNKC] (IRQs 5 9 *10 11)
[    2.206630] ACPI: PCI Interrupt Link [LNKD] (IRQs 5 *9 10 11)
[    2.254872] ACPI: Enabled 2 GPEs in block 00 to 07
[    2.267243] vgaarb: setting as boot device: PCI:0000:00:02.0
[    2.288335] vgaarb: device added: PCI:0000:00:02.0,decodes=io+mem,owns=io+mem,locks=none
[    2.352890] vgaarb: loaded
[    2.369116] vgaarb: bridge control possible 0000:00:02.0
[    2.373378] SCSI subsystem initialized
[    2.375767] ACPI: bus type USB registered
[    2.377640] usbcore: registered new interface driver usbfs
[    2.379929] usbcore: registered new interface driver hub
[    2.382173] usbcore: registered new device driver usb
[    2.384902] PCI: Using ACPI for IRQ routing
[    2.387389] NetLabel: Initializing
[    2.392088] NetLabel:  domain hash size = 128
[    2.402269] NetLabel:  protocols = UNLABELED CIPSOv4
[    2.410770] NetLabel:  unlabeled traffic allowed by default
[    2.413535] amd_nb: Cannot enumerate AMD northbridges
[    2.452932] clocksource: Switched to clocksource kvm-clock
[    2.471097] AppArmor: AppArmor Filesystem Enabled
[    2.503730] pnp: PnP ACPI init
[  2064]pnp: Pn APIfod dece

[    3.160139] clocksource: acpi_pm: mask: 0xffffff max_cycles: 0xffffff, max_idle_ns: 2085701024 ns
[    3.165467] NET: Registered protocol family 2
[    3.167852] TCP established hash table entries: 8192 (order: 4, 65536 bytes)
[    3.170657] TCP bind hash table entries: 8192 (order: 5, 131072 bytes)
[    3.173223] TCP: Hash tables configured (established 8192 bind 8192)
[    3.175916] UDP hash table entries: 512 (order: 2, 16384 bytes)
[    3.178333] UDP-Lite hash table entries: 512 (order: 2, 16384 bytes)
[    3.180919] NET: Registered protocol family 1
[    3.182960] pci 0000:00:00.0: Limiting direct PCI/PCI transfers
[    3.185614] pci 0000:00:01.0: Activating ISA DMA hang workarounds
[    3.189297] Unpacking initramfs...
[    3.628022] Freeing initrd memory: 15220K (ffff880036236000 - ffff880037113000)
[    3.681224] RAPL PMU detected, API unit is 2^-32 Joules, 4 fixed counters 10737418240 ms ovfl timer
[    3.744245] hw unit of domain pp0-core 2^-0 Joules
[    3.746385] hw unit of domain package 2^-0 Joules
[    3.748457] hw unit of domain dram 2^-0 Joules
[    3.793091] hw unit of domain pp1-gpu 2^-0 Joules
[    3.914360] platform rtc_cmos: registered platform RTC device (no PNP device found)
[    3.933849] Scanning for low memory corruption every 60 seconds
[    3.974102] audit: initializing netlink subsys (disabled)
[    4.062825] audit: type=2000 audit(1499429087.461:1): initialized
[    4.193580] Initialise system trusted keyring
[    4.234687] HugeTLB registered 2 MB page size, pre-allocated 0 pages
[    4.296142] zbud: loaded
[    4.300382] VFS: Disk quotas dquot_6.6.0
[    4.353487] VFS: Dquot-cache hash table entries: 512 (order 0, 4096 bytes)
[    4.356857] squashfs: version 4.0 (2009/01/31) Phillip Lougher
[    4.366411] fuse init (API version 7.23)
[    4.443086] Key type big_key registered
[    4.450053] Allocating IMA MOK and blacklist keyrings.
[    4.454685] Key type asymmetric registered
[    4.483455] Asymmetric key parser 'x509' registered
[    4.485677] Block layer SCSI generic (bsg) driver version 0.4 loaded (major 249)
[    4.489367] io scheduler noop registered
[    4.491183] io scheduler deadline registered (default)
[    4.493494] io scheduler cfq registered
[    4.496052] pci_hotplug: PCI Hot Plug PCI Core version: 0.5
[    4.498445] pciehp: PCI Express Hot Plug Controller Driver version: 0.4
[    4.501453] ACPI: AC Adapter [AC] (on-line)
[    4.543629] input: Power Button as /devices/LNXSYSTM:00/LNXPWRBN:00/input/input0
[    4.554957] ACPI: Power Button [PWRF]
[    4.556851] input: Sleep Button as /devices/LNXSYSTM:00/LNXSLPBN:00/input/input1
[    4.560346] ACPI: Sleep Button [SLPF]
[    4.562738] GHES: HEST is not enabled!
[    4.563704] ACPI: Battery Slot [BAT0] (battery present)
[    4.584041] Serial: 8250/16550 driver, 32 ports, IRQ sharing enabled
[    4.610128] 00:02: ttyS0 at I/O 0x3f8 (irq = 4, base_baud = 115200) is a 16550A
[    4.627760] Linux agpgart interface v0.103
[    4.637619] loop: module loaded
[    4.723296] scsi host0: ata_piix
[    4.842863] scsi host1: ata_piix
[    4.902547] ata1: PATA max UDMA/33 cmd 0x1f0 ctl 0x3f6 bmdma 0xd000 irq 14
[    4.966615] ata2: PATA max UDMA/33 cmd 0x170 ctl 0x376 bmdma 0xd008 irq 15
[    4.984339] tsc: Refined TSC clocksource calibration: 1696.313 MHz
[    5.062974] clocksource: tsc: mask: 0xffffffffffffffff max_cycles: 0x18738c453d0, max_idle_ns: 440795212051 ns
[    5.063296] libphy: Fixed MDIO Bus: probed
[    5.063300] tun: Universal TUN/TAP device driver, 1.6
[    5.063301] tun: (C) 1999-2004 Max Krasnyansky <maxk@qualcomm.com>
[    5.074877] PPP generic driver version 2.4.2
[    5.074982] ehci_hcd: USB 2.0 'Enhanced' Host Controller (EHCI) Driver
[    5.074989] ehci-pci: EHCI PCI platform driver
[    5.075014] ehci-platform: EHCI generic platform driver
[    5.075027] ohci_hcd: USB 1.1 'Open' Host Controller (OHCI) Driver
[    5.075032] ohci-pci: OHCI PCI platform driver
[    5.075044] ohci-platform: OHCI generic platform driver
[    5.075054] uhci_hcd: USB Universal Host Controller Interface driver
[    5.075146] i8042: PNP: PS/2 Controller [PNP0303:PS2K,PNP0f03:PS2M] at 0x60,0x64 irq 1,12
[    5.075822] serio: i8042 KBD port at 0x60,0x64 irq 1
[    5.075829] serio: i8042 AUX port at 0x60,0x64 irq 12
[    5.075989] mousedev: PS/2 mouse device common for all mice
[    5.076450] input: AT Translated Set 2 keyboard as /devices/platform/i8042/serio0/input/input2
[    5.077163] rtc_cmos rtc_cmos: rtc core: registered rtc_cmos as rtc0
[    5.077259] rtc_cmos rtc_cmos: alarms up to one day, 114 bytes nvram
[    5.077271] i2c /dev entries driver
[    5.077355] device-mapper: uevent: version 1.0.3
[    5.077440] device-mapper: ioctl: 4.34.0-ioctl (2015-10-28) initialised: dm-devel@redhat.com
[    5.077476] ledtrig-cpu: registered to indicate activity on CPUs
[    5.078290] NET: Registered protocol family 10
[    5.078513] NET: Registered protocol family 17
[    5.078524] Key type dns_resolver registered
[    5.078736] microcode: CPU0 sig=0x40651, pf=0x40, revision=0x0
[    5.090728] microcode: CPU1 sig=0x40651, pf=0x40, revision=0x0
[    5.090847] microcode: Microcode Update Driver: v2.01 <tigran@aivazian.fsnet.co.uk>, Peter Oruba
[    5.091114] registered taskstats version 1
[    5.091141] Loading compiled-in X.509 certificates
[    5.092443] Loaded X.509 cert 'Build time autogenerated kernel key: 35105354eb779045e4d9ad793dead39d5ee93f76'
[    5.092480] zswap: loaded using pool lzo/zbud
[    5.094958] Key type trusted registered
[    5.099005] Key type encrypted registered
[    5.099014] AppArmor: AppArmor sha1 policy hashing enabled
[    5.099018] ima: No TPM chip found, activating TPM-bypass!
[    5.099044] evm: HMAC attrs: 0x1
[    5.099398]   Magic number: 9:316:76
[    5.110526] rtc_cmos rtc_cmos: setting system clock to 2017-07-07 12:04:44 UTC (1499429084)
[    5.110733] BIOS EDD facility v0.16 2004-Jun-25, 0 devices found
[    5.110735] EDD information not available.
[    6.321834] Freeing unused kernel memory: 1488K (ffffffff81f45000 - ffffffff820b9000)
[    6.750788] Write protecting the kernel read-only data: 14336k
[    6.768825] Freeing unused kernel memory: 1760K (ffff880001848000 - ffff880001a00000)
[    6.781236] Freeing unused kernel memory: 112K (ffff880001de4000 - ffff880001e00000)
Loading, please wait...
starting version[    6.814921] random: systemd-udevd: uninitialized urandom read (16 bytes read, 4 bits of entropy available)
 229
[    6.816708] random: udevadm: uninitialized urandom read (16 bytes read, 4 bits of entropy available)
[    6.816795] random: udevadm: uninitialized urandom read (16 bytes read, 4 bits of entropy available)
[    6.817223] random: udevadm: uninitialized urandom read (16 bytes read, 4 bits of entropy available)
[    6.817361] random: udevadm: uninitialized urandom read (16 bytes read, 4 bits of entropy available)
[    6.817492] random: udevadm: uninitialized urandom read (16 bytes read, 4 bits of entropy available)
[    6.817624] random: udevadm: uninitialized urandom read (16 bytes read, 4 bits of entropy available)
[    6.817718] random: udevadm: uninitialized urandom read (16 bytes read, 4 bits of entropy available)
[    6.817823] random: udevadm: uninitialized urandom read (16 bytes read, 4 bits of entropy available)
[    6.817970] random: udevadm: uninitialized urandom read (16 bytes read, 4 bits of entropy available)
[    6.941073] e1000: Intel(R) PRO/1000 Network Driver - version 7.3.21-k8-NAPI
[    6.953746] e1000: Copyright (c) 1999-2006 Intel Corporation.
[    6.969454] Fusion MPT base driver 3.04.20
[    6.978245] Copyright (c) 1999-2008 LSI Corporation
[    7.010519] AVX version of gcm_enc/dec engaged.
[    7.017751] AES CTR mode by8 optimization enabled
[    7.041459] Fusion MPT SPI Host driver 3.04.20
[    7.168209] input: ImExPS/2 Generic Explorer Mouse as /devices/platform/i8042/serio1/input/input4
[    7.394764] e1000 0000:00:03.0 eth0: (PCI:33MHz:32-bit) 02:ed:99:f0:3e:73
[    7.436382] e1000 0000:00:03.0 eth0: Intel(R) PRO/1000 Network Connection
[    7.440618] e1000 0000:00:03.0 enp0s3: renamed from eth0
[    7.444811] mptbase: ioc0: Initiating bringup
[    7.667962] ioc0: LSI53C1030 A0: Capabilities={Initiator}
[    8.113697] scsi host2: ioc0: LSI53C1030 A0, FwRev=00000000h, Ports=1, MaxQ=256, IRQ=20
[    8.316511] scsi 2:0:0:0: Direct-Access     VBOX     HARDDISK         1.0  PQ: 0 ANSI: 5
[    8.329635] scsi target2:0:0: Beginning Domain Validation
[    8.338496] scsi target2:0:0: Domain Validation skipping write tests
[    8.703131] scsi target2:0:0: Ending Domain Validation
[    8.748705] scsi target2:0:0: asynchronous
[    8.752046] scsi 2:0:1:0: Direct-Access     VBOX     HARDDISK         1.0  PQ: 0 ANSI: 5
[    8.765248] scsi target2:0:1: Beginning Domain Validation
[    8.794345] scsi target2:0:1: Domain Validation skipping write tests
[    9.039745] scsi target2:0:1: Ending Domain Validation
[    9.112555] scsi target2:0:1: asynchronous
[    9.174248] sd 2:0:0:0: [sda] 20971520 512-byte logical blocks: (10.7 GB/10.0 GiB)
[    9.181153] sd 2:0:0:0: Attached scsi generic sg0 type 0
[    9.246301] sd 2:0:1:0: Attached scsi generic sg1 type 0
[    9.354277] sd 2:0:1:0: [sdb] 20480 512-byte logical blocks: (10.5 MB/10.0 MiB)
[    9.410047] sd 2:0:0:0: [sda] Write Protect is off
[    9.443197] sd 2:0:1:0: [sdb] Write Protect is off
[    9.443411] sd 2:0:0:0: [sda] Incomplete mode parameter data
[    9.443414] sd 2:0:0:0: [sda] Assuming drive cache: write through
[    9.613348]  sda: sda1
[    9.615079] sd 2:0:0:0: [sda] Attached SCSI disk
[    9.673164] sd 2:0:1:0: [sdb] Incomplete mode parameter data
[    9.683106] sd 2:0:1:0: [sdb] Assuming drive cache: write through
[    9.780635] sd 2:0:1:0: [sdb] Attached SCSI disk
[    9.991409] floppy0: no floppy controllers found
[   10.302461] work still pending
Begin: Loading e[   12.181392] md: linear personality registered for level -1
ssential drivers ... [   12.217987] md: multipath personality registered for level -4
[   12.238645] md: raid0 personality registered for level 0
[   12.272700] md: raid1 personality registered for level 1
[   12.357023] raid6: sse2x1   gen()  4654 MB/s
[   12.437017] raid6: sse2x1   xor()  3811 MB/s
[   12.513003] raid6: sse2x2   gen()  6049 MB/s
[   12.585012] raid6: sse2x2   xor()  3992 MB/s
[   12.660122] raid6: sse2x4   gen()  7558 MB/s
[   12.737002] raid6: sse2x4   xor()  4949 MB/s
[   12.748804] raid6: using algorithm sse2x4 gen() 7558 MB/s
[   12.755650] raid6: .... xor() 4949 MB/s, rmw enabled
[   12.757284] raid6: using ssse3x2 recovery algorithm
[   12.762009] xor: automatically using best checksumming function:
[   12.817095]    avx       :  9873.000 MB/sec
[   12.836105] async_tx: api initialized (async)
[   12.876424] md: raid6 personality registered for level 6
[   12.894952] md: raid5 personality registered for level 5
[   12.898308] md: raid4 personality registered for level 4
[   12.913658] md: raid10 personality registered for level 10
done.
Begin: Running /scripts/init-premount ... done.
Begin: Mounting root file system ... Begin: Running /scripts/local-top ... done.
Begin: Running /scripts/local-premount ... [   13.024540] Btrfs loaded
Scanning for Btrfs filesystems
done.
Warning: fsck not present, so skipping root file system
[   13.116261] EXT4-fs (sda1): mounted filesystem with ordered data mode. Opts: (null)
done.
Begin: Running /scripts/local-bottom ... done.
Begin: Running /scripts/init-bottom ... done.
[   14.067116] random: nonblocking pool is initialized
[   14.391489] systemd[1]: systemd 229 running in system mode. (+PAM +AUDIT +SELINUX +IMA +APPARMOR +SMACK +SYSVINIT +UTMP +LIBCRYPTSETUP +GCRYPT +GNUTLS +ACL +XZ -LZ4 +SECCOMP +BLKID +ELFUTILS +KMOD -IDN)
[   14.404884] systemd[1]: Detected virtualization oracle.
[   14.426958] systemd[1]: Detected architecture x86-64.

Welcome to [1mUbuntu 16.04.2 LTS[0m!

[   14.486558] systemd[1]: Set hostname to <ubuntu-xenial>.
[ 158877] ysem[1: reated slice System Slice.
[[0;32m  OK  [0m] Created slice System Slice.
[   16.226203] systemd[1]: Listening on udev Kernel Socket.
[[0;32m  OK  [0m] Listening on udev Kernel Socket.
[   16.356895] systemd[1]: Reached target User and Group Name Lookups.
[[0;32m  OK  [0m] Reached target User and Group Name Lookups.
[  13692syemd[1]: Created slice User and Session Slice.
[[0;32m  OK  [0m] Created slice User and Session Slice.
[   16.741467] systemd[1]: Reached target Slices.
[[0;32m  OK  [0m] Reached target Slices.
[  1.7493]sytemd[1] Started Forward Password Requests to Wall Directory Watch.

[[0;32m  OK  [0m] Started Forward Password Requests to Wall Directory Watch.
[ 17491]systemd[1]: Listening on Journal Audit Socket.
[[0;32m  OK  [0m] Listening on Journal Audit Socket.
[   17.688159] systemd[1]: Listening on LVM2 metadata daemon socket.
[[0;32m  OK  [0m] Listening on LVM2 metadata daemon socket.
[  17.697475] systemd[1]: Created slice system-serial\x2dgetty.slice.
[[0;32m  OK  [0m] Created slice system-serial\x2dgetty.slice.
[ 17819]systemd[1]Lienng on LVM2 poll daemon socket.
[[0;32m  OK  [0m] Listening on LVM2 poll daemon socket.
[   18.408209] systemd[1]: Listening on Syslog Socket.
[[0;32m  OK  [0m] Listening on Syslog Socket.
[   18.661377] systemd[1]: Listening on Journal Socket (/dev/log).
[[0;32m  OK  [0m] Listening on Journal Socket (/dev/log).
[  18.825354] systemd[1]: Listening on /dev/initctl Compatibility Named Pipe.
[[0;32m  OK  [0m] Listening on /dev/initctl Compatibility Named Pipe.
[   19.305326] systemd[1]: Lstinondev Control Socket.
[[0;32m  OK  [0m] Listening on udev Control Socket.
[   19.625205] systemd[1]: Listening on Device-mapper event daemon FIFOs.
[[0;32m  OK  [0m] Listening on Device-mapper event daemon FIFOs.
[   19.634640] systemd[1]: Reached target Swap.
[[0;32m  OK  [0m] Reached target Swap.
[   19.701923] systemd[1]: Started Trigger resolvconf update for networkd DNS.
[[0;32m  OK  [0m] Started Trigger resolvconf update for networkd DNS.
[   19.711125] systemd[1]: Listening on Journal Socket.
[[0;32m  OK  [0m] Listening on Journal Socket.
[   19.729284] systemd[1]: Mounting Debug File System...
         Mounting Debug File System...
[   19.755261] systemd[1]: Starting Nameserver information manager...
         Starting Nameserver information manager...
[   19.805346] systemd[1]: Starting Journal Service...
         Starting Journal Service...
[   19.846578] systemd[1]: Mounting Huge Pages File System...
         Mounting Huge Pages File System...
[   19.867630] systemd[1]: Starting Create list of required static device nodes for the current kernel...
         Starting Create list of required st... nodes for the current kernel...
[   19.893350] systemd[1]: Starting Set console keymap...
         Starting Set console keymap...
[   19.937985] systemd[1]: Starting Uncomplicated firewall...
         Starting Uncomplicated firewall...
[   19.957130] systemd[1]: Mounting POSIX Message Queue File System...
         Mounting POSIX Message Queue File System...
[   20.033367] systemd[1]: Starting Monitoring of LVM2 mirrors, snapshots etc. using dmeventd or progress polling...
         Starting Monitoring of LVM2 mirrors... dmeventd or progress polling...
[   20.064059] systemd[1]: Starting Remount Root and Kernel File Systems...
         Starting Remount Root and Kernel File Systems...
[   20.168347] EXT4-fs (sda1): re-mounted. Opts: (null)
[   20.201372] systemd[1]: Starting Load Kernel Modules...
         Starting Load Kernel Modules...
[   20.231109] systemd[1]: Set up automount Arbitrary Executable File Formats File System Automount Point.
[[0;32m  OK  [0m] Set up automount Arbitrary Executab...ats File System Automount Point.
[  20.262476] systemd[1]: Reached target Encrypted Volumes.
[[0;32m  OK  [0m] Reached target Encrypted Volumes.
[   20.347031] systemd[1]: Mounted Debug File System.
[[0;32m  OK  [0m] Mounted Debug File System.
[   20.377365] systemd[1]: Mounted POSIX Message Queue File System.
[[0;32m  OK  [0m] Mounted POSIX Message Queue File System.
[   20.406445] systemd[1]: Mounted Huge Pages File System.
[[0;32m  OK  [[   20.415810] Loading iSCSI transport class v2.0-870.
0m] Mounted Huge Pages File System.
[   20.441507] systemd[1]: Started Journal Service.
[[0;32m  OK  [0m] Started Journal Service.
[[0;32m  OK  [0m] Started Creat[   20.504318] iscsi: registered transport (tcp)
e list of required sta...ce nodes for the current kernel.
[[0;32m  OK  [0m] Started Set console keymap.
[[0;32m  OK  [0m] Started Uncomplicated firewall.
[[0;32m  OK  [0m] Started Remount Root and Kernel File Systems.
[[0;32m  OK  [0m] Started Nameserver information manager.
[   20.693629] iscsi: registered transport (iser)
[[0;32m  OK  [0m] Started Load Kernel Modules.
         Mounting FUSE Control File System...
         Starting Apply Kernel Variables...
[[0;32m  OK  [0m] Started LVM2 metadata daemon.
         Starting udev Coldplug all Devices...
         Starting Load/Save Random Seed...
         Starting Initial cloud-init job (pre-networking)...
         Starting Create Static Device Nodes in /dev...
         Starting Flush Journal to Persistent Storage...
[[0;32m  OK  [0m] Mounted FUSE Control File System.
[[0;32m  OK  [0m] Started Apply Kernel Variables.
[[0;32m  OK  [0m] Started Load/Save Random Seed.
[[0;32m  OK  [0m] Started udev Coldplug all Devices.
[[0;32m  OK  [0m] Started Flush Journal to Persistent Storage.
[[0;32m  OK  [0m] Started Create Static Device Nodes in /dev.
[[0;32m  OK  [0m] Started Monitoring of LVM2 mirrors,...ng dmeventd or progress polling.
         Starting udev Kernel Device Manager...
[[0;32m  OK  [0m] Started udev Kernel Device Manager.
[[0;32m  OK  [0m] Reached target Local File Systems (Pre).
[[0;32m  OK  [0m] Reached target Local File Systems.
         Starting Create Volatile Files and Directories...
         Starting Tell Plymouth To Write Out Runtime Data...
         Starting Set console font and keymap...
         Starting LSB: AppArmor initialization...
[[0;32m  OK  [0m] Started Dispatch Password Requests to Console Directory Watch.
[[0;32m  OK  [0m] Started Tell Plymouth To Write Out Runtime Data.
[[0;32m  OK  [0m] Started Create Volatile Files and Directories.
         Starting Update UTMP about System Boot/Shutdown...
[[0;32m  OK  [0m] Reached target System Time Synchronized.
[[0;32m  OK  [0m] Found device /dev/ttyS0.
[[0;32m  OK  [0m] Started Update UTMP about System Boot/Shutdown.
[[0;32m  OK  [0m] Found device 82540EM Gigabit Ethern...r (PRO/1000 MT Desktop Adapter).
[[0;32m  OK  [0m] Started Set console font and keymap.
[[0;32m  OK  [0m] Created slice system-getty.slice.
[[0;32m  OK  [0m] Listening on Load/Save RF Kill Switch Status /dev/rfkill Watch.
[[0;32m  OK  [0m] Started LSB: AppArmor initialization.
[   26.314378] cloud-init[447]: Cloud-init v. 0.7.9 running 'init-local' at Fri, 07 Jul 2017 12:05:06 +0000. Up 25.58 seconds.
[[0;32m  OK  [0m] Started Initial cloud-init job (pre-networking).
[[0;32m  OK  [0m] Reached target Network (Pre).
[[0;32m  OK  [0m] Started ifup for enp0s3.
         Starting Raise network interfaces...
[[0;32m  OK  [0m] Started Raise network interfaces.
[[0;32m  OK  [0m] Reached target Network.
         Starting Initial cloud-init job (metadata service crawler)...
[   28.234358] cloud-init[971]: Cloud-init v. 0.7.9 running 'init' at Fri, 07 Jul 2017 12:05:08 +0000. Up 27.41 seconds.
[   28.298579] cloud-init[971]: ci-info: +++++++++++++++++++++++++++++++++++++Net device info++++++++++++++++++++++++++++++++++++++
[   28.303394] cloud-init[971]: ci-info: +--------+------+----------------------------+---------------+-------+-------------------+
[   28.322493] cloud-init[971]: ci-info: | Device |  Up  |          Address           |      Mask     | Scope |     Hw-Address    |
[   28.323085] cloud-init[971]: ci-info: +--------+------+----------------------------+---------------+-------+-------------------+
[[0;32m  OK  [0m] Started Initial cloud-init job (metadata service crawler).
[   28.323337] cloud-init[971]: ci-info: | enp0s3 | True |         10.0.2.15          | 255.255.255.0 |   .   | 02:ed:99:f0:3e:73 |
[   28.334034] cloud-init[971]: ci-info: | enp0s3 | True | fe80::ed:99ff:fef0:3e73/64 |       .       |  link | 02:ed:99:f0:3e:73 |
[   28.337066] cloud-init[971]: ci-info: |   lo   | True |         127.0.0.1          |   255.0.0.0   |   .   |         .         |
[   28.340138] cloud-init[971]: ci-info: |   lo   | True |          ::1/128           |       .       |  host |         .         |
[   28.343210] cloud-init[971]: ci-info: +--------+------+----------------------------+---------------+-------+-------------------+
[   28.347280] cloud-init[971]: ci-info: +++++++++++++++++++++++++++Route IPv4 info++++++++++++++++++++++++++++
[   28.349960] cloud-init[971]: ci-info: +-------+-------------+----------+---------------+-----------+-------+
[   28.353996] cloud-init[971]: ci-info: | Route | Destination | Gateway  |    Genmask    | Interface | Flags |
[   28.354792] cloud-init[971]: ci-info: +-------+-------------+----------+---------------+-----------+-------+
[[0;32m  OK  [0m] Reached target Cloud-config availability.
[   28.355115] cloud-init[971]: ci-info: |   0   |   0.0.0.0   | 10.0.2.2 |    0.0.0.0    |   enp0s3  |   UG  |
[   28.373913] cloud-init[971]: ci-info: |   1   |   10.0.2.0  | 0.0.0.0  | 255.255.255.0 |   enp0s3  |   U   |
[[0;32m  OK  [0m] Reached target Network is Online.
[   28.374101] cloud-init[971]: ci-info: +-------+-------------+----------+---------------+-----------+-------+
         Starting iSCSI initiator daemon (iscsid)...
[[0;32m  OK  [0m] Reached target System Initialization.
[[0;32m  OK  [0m] Listening on UUID daemon activation socket.
[[0;32m  OK  [0m] Listening on ACPID Listen Socket.
[[0;32m  OK  [0m] Listening on D-Bus System Message Bus Socket.
[[0;32m  OK  [0m] Started Daily Cleanup of Temporary Directories.
[[0;32m  OK  [0m] Started Daily apt activities.
         Starting LXD - unix socket.
         Starting Socket activation for snappy daemon.
[[0;32m  OK  [0m] Started ACPI Events Check.
[[0;32m  OK  [0m] Reached target Paths.
[[0;32m  OK  [0m] Started Timer to automatically refresh installed snaps.
[[0;32m  OK  [0m] Reached target Timers.
[[0;32m  OK  [0m] Listening on LXD - unix socket.
[[0;32m  OK  [0m] Listening on Socket activation for snappy daemon.
[[0;32m  OK  [0m] Reached target Sockets.
[[0;32m  OK  [0m] Reached target Basic System.
         Starting Login Service...
[[0;32m  OK  [0m] Started FUSE filesystem for LXC.
[[0;32m  OK  [0m] Started Unattended Upgrades Shutdown.
         Starting LSB: MD monitoring daemon...
[[0;32m  OK  [0m] Started ACPI event daemon.
         Starting MySQL Community Server...
[[0;32m  OK  [0m] Started D-Bus System Message Bus.
[[0;32m  OK  [0m] Started Regular background program processing daemon.
         Starting /etc/rc.local Compatibility...
[[0;32m  OK  [0m] Started Snappy daemon.
         Starting Auto import assertions from block devices...
         Starting LSB: Record successful boot for GRUB...
         Starting Accounts Service...
         Starting The PHP 7.0 FastCGI Process Manager...
         Starting Apply the settings specified in cloud-config...
[[0;32m  OK  [0m] Started Deferred execution scheduler.
         Starting A high performance web server and a reverse proxy server...
         Starting OpenBSD Secure Shell server...
         Starting System Logging Service...
         Starting LXD - container startup/shutdown...
[[0;32m  OK  [0m] Started iSCSI initiator daemon (iscsid).
[[0;32m  OK  [0m] Started /etc/rc.local Compatibility.
[[0;32m  OK  [0m] Started Auto import assertions from block devices.
         Starting Login to default iSCSI targets...
[[0;32m  OK  [0m] Started Login Service.
[   30.599659] cloud-init[1075]: Cloud-init v. 0.7.9 running 'modules:config' at Fri, 07 Jul 2017 12:05:11 +0000. Up 30.08 seconds.
[[0;32m  OK  [0m] Started Apply the settings specified in cloud-config.
[[0;32m  OK  [0m] Started LSB: Record successful boot for GRUB.
[[0;32m  OK  [0m] Started Login to default iSCSI targets.
[[0;32m  OK  [0m] Reached target Remote File Systems (Pre).
[[0;32m  OK  [0m] Reached target Remote File Systems.
         Starting LSB: VirtualBox Linux Additions...
         Starting LSB: Set the CPU Frequency Scaling governor to "ondemand"...
         Starting Permit User Sessions...
         Starting LSB: daemon to balance interrupts for SMP systems...
         Starting LSB: automatic crash report generation...
[[0;32m  OK  [0m] Started Permit User Sessions.
[[0;32m  OK  [0m] Started LSB: Set the CPU Frequency Scaling governor to "ondemand".
         Starting Terminate Plymouth Boot Screen...
         Starting Hold until boot process finishes up...
[[0;32m  OK  [0m] Started LSB: MD monitoring daemon.
[[0;32m  OK  [0m] Started Terminate Plymouth Boot Screen.
[[0;32m  OK  [0m] Started Hold until boot process finishes up.
[[0;32m  OK  [0m] Started Getty on tty1.
         Starting Set console scheme...
[[0;32m  OK  [0m] Started Serial Getty on ttyS0.
[[0;32m  OK  [0m] Reached target Login Prompts.
[[0;32m  OK  [0m] Started LSB: daemon to balance interrupts for SMP systems.
[[0;32m  OK  [0m] Started System Logging Service.
[[0;32m  OK  [0m] Started Set console scheme.
[[0;32m  OK  [0m] Started LSB: automatic crash report generation.
[[0;32m  OK  [0m] Started OpenBSD Secure Shell server.
         Starting Authenticate and Authorize Users to Run Privileged Tasks...
[[0;32m  OK  [0m] Started LSB: VirtualBox Linux Additions.
[[0;32m  OK  [0m] Started Authenticate and Authorize Users to Run Privileged Tasks.
[[0;32m  OK  [0m] Started Accounts Service.
[[0;32m  OK  [0m] Created slice User Slice of ubuntu.
         Starting User Manager for UID 1000...
[[0;32m  OK  [0m] Started Session 1 of user ubuntu.
[[0;32m  OK  [0m] Started A high performance web server and a reverse proxy server.
[[0;32m  OK  [0m] Started User Manager for UID 1000.
[[0;32m  OK  [0m] Started LXD - container startup/shutdown.

Ubuntu 16.04.2 LTS ubuntu-xenial ttyS0

ubuntu-xenial login: [   40.658497] cloud-init[1393]: Cloud-init v. 0.7.9 running 'modules:final' at Fri, 07 Jul 2017 12:05:21 +0000. Up 40.33 seconds.
[   40.659233] cloud-init[1393]: Cloud-init v. 0.7.9 finished at Fri, 07 Jul 2017 12:05:21 +0000. Datasource DataSourceNoCloud [seed=/dev/sdb][dsmode=net].  Up 40.63 seconds
         Stopping Session 4 of user ubuntu.
[[0;32m  OK  [0m] Stopped target Graphical         Stopping LSB: automatic crash report generation...
         Stopping OpenBSD Secure Shell server...
         Stopping The PHP 7.0 FastCGI Process Manager...
         Stopping D-Bus System Message Bus...
         Stopping LSB: MD monitoring daemon...
         Stopping Unattended Upgrades Shutdown...
         Stopping LSB: VirtualBox Linux Additions...
         Stopping Deferred execution scheduler...
         Stopping LXD - container startup/shutdown...
         Stopping System Logging Service...
         Stopping LSB: Record successful boot for GRUB...
         Stopping Snappy daemon...
         Stopping Regular background program processing daemon...
         Stopping FUSE filesystem for LXC...
         Stopping LSB: daemon to balance interrupts for SMP systems...
         Stopping A high performance web server and a reverse proxy server...
         Stopping Authenticate and Authorize Users to Run Privileged Tasks...
         Stopping LSB: Set the CPU Frequency Scaling governor to "ondemand"...
[[0;32m  OK  [0m] Stopped Timer to automatically refresh installed snaps.
[[0;32m  OK  [0m] Stopped target System Time Synchronized.
[[0;32m  OK  [0m] Unmounted /var/lib/lxcfs.
[[0;32m  OK  [0m] Stopped ACPI event daemon.
[[0;32m  OK  [0m] Stopped Regular background program processing daemon.
[[0;32m  OK  [0m] Stopped Snappy daemon.
[[0;32m  OK  [0m] Stopped Accounts Service.
[[0;32m  OK  [0m] Stopped Deferred execution scheduler.
[[0;32m  OK  [0m] Stopped OpenBSD Secure Shell server.
[[0;32m  OK  [0m] Stopped System Logging Service.
[[0;32m  OK  [0m] Stopped Getty on tty1.
[[0;32m  OK  [0m] Stopped Serial Getty on ttyS0.
[[0;32m  OK  [0m] Stopped Authenticate and Authorize Users to Run Privileged Tasks.
[[0;32m  OK  [0m] Stopped The PHP 7.0 FastCGI Process Manager.
[[0;32m  OK  [0m] Stopped User Manager for UID 1000.
[[0;32m  OK  [0m] Stopped Session 4 of user ubuntu.
[[0;32m  OK  [0m] Stopped D-Bus System Message Bus.
[[0;32m  OK  [0m] Stopped Unattended Upgrades Shutdown.
[[0;32m  OK  [0m] Stopped A high performance web server and a reverse proxy server.
[[0;32m  OK  [0m] Stopped FUSE filesystem for LXC.
[[0;32m  OK  [0m] Stopped LSB: automatic crash report generation.
[[0;32m  OK  [0m] Stopped LSB: MD monitoring daemon.
[[0;32m  OK  [0m] Stopped LSB: VirtualBox Linux Additions.
[[0;32m  OK  [0m] Stopped LXD - container startup/shutdown.
[[0;32m  OK  [0m] Stopped LSB: Record successful boot for GRUB.
[[0;32m  OK  [0m] Stopped LSB: daemon to balance interrupts for SMP systems.
[[0;32m  OK  [0m] Stopped LSB: Set the CPU Frequency Scaling governor to "ondemand".
[[0;32m  OK  [0m] Removed slice User Slice of ubuntu.
         Stopping Login Service...
[[0;32m  OK  [0m] Removed slice system-serial\x2dgetty.slice.
[[0;32m  OK  [0m] Removed slice system-getty.slice.
         Stopping Permit User Sessions...
[[0;32m  OK  [0m] Stopped /etc/rc.local Compatibility.
[[0;32m  OK  [0m] Stopped Permit User Sessions.
[[0;32m  OK  [0m] Stopped target Remote File Systems.
[[0;32m  OK  [0m] Stopped target Remote File Systems (Pre).
         Stopping Login to default iSCSI targets...
[[0;32m  OK  [0m] Stopped Login Service.
[[0;32m  OK  [0m] Stopped target User and Group Name Lookups.
[[0;32m  OK  [0m] Stopped Login to default iSCSI targets.
         Stopping iSCSI initiator daemon (iscsid)...
[[0;32m  OK  [0m] Stopped iSCSI initiator daemon (iscsid).
[[0;32m  OK  [0m] Stopped target Network is Online.
[[0;32m  OK  [0m] Stopped MySQL Community Server.
[[0;32m  OK  [0m] Stopped target Basic System.
[[0;32m  OK  [0m] Stopped target Paths.
[[0;32m  OK  [0m] Stopped Forward Password Requests to Wall Directory Watch.
[[0;32m  OK  [0m] Stopped ACPI Events Check.
[[0;32m  OK  [0m] Stopped Dispatch Password Requests to Console Directory Watch.
[[0;32m  OK  [0m] Stopped target Slices.
[[0;32m  OK  [0m] Removed slice User and Session Slice.
[[0;32m  OK  [0m] Stopped target Sockets.
[[0;32m  OK  [0m] Closed Syslog Socket.
[[0;32m  OK  [0m] Closed LXD - unix socket.
[[0;32m  OK  [0m] Closed ACPID Listen Socket.
[[0;32m  OK  [0m] Closed UUID daemon activation socket.
[[0;32m  OK  [0m] Closed D-Bus System Message Bus Socket.
[[0;32m  OK  [0m] Closed Socket activation for snappy daemon.
[[0;32m  OK  [0m] Stopped target Network.
[[0;32m  OK  [0m] Stopped target System Initialization.
         Stopping Load/Save Random Seed...
[[0;32m  OK  [0m] Stopped Create Volatile Files and Directories.
[[0;32m  OK  [0m] Stopped target Encrypted Volumes.
[[0;32m  OK  [0m] Stopped Initial cloud-init job (metadata service crawler).
         Stopping Raise network interfaces...
[[0;32m  OK  [0m] Stopped target Swap.
[[0;32m  OK  [0m] Stopped Load/Save Random Seed.
[[0;32m  OK  [0m] Stopped Raise network interfaces.
[[0;32m  OK  [0m] Stopped target Network (Pre).
[[0;32m  OK  [0m] Stopped Initial cloud-init job (pre-networking).
[[0;32m  OK  [0m] Stopped target Local File Systems.
         Unmounting /var/www/site...
         Unmounting /run/user/1000...
         Unmounting /vagrant...
[[0;32m  OK  [0m] Stopped Apply Kernel Variables.
[[0;32m  OK  [0m] Stopped Load Kernel Modules.
[[0;32m  OK  [0m] Unmounted /var/www/site.
[[0;32m  OK  [0m] Unmounted /run/user/1000.
[[0;32m  OK  [0m] Unmounted /vagrant.
[[0;32m  OK  [0m] Reached target Unmount All Filesystems.
[[0;32m  OK  [0m] Stopped target Local File Systems (Pre).
[[0;32m  OK  [0m] Stopped Create Static Device Nodes in /dev.
[[0;32m  OK  [0m] Stopped Remount Root and Kernel File Systems.
[[0;32m  OK  [0m] Reached target Shutdown.
[  648.719420] reboot: Power down
